<?xml version="1.0" encoding="UTF-8"?>
<testsuite xmlns:xsi="http://www.w3.org/2001/XMLSchema-instance" xsi:noNamespaceSchemaLocation="https://maven.apache.org/surefire/maven-failsafe-plugin/xsd/failsafe-test-report.xsd" name="uk.co.paulpop.services.controller.JavaSpringServiceControllerIT" time="6.345" tests="4" errors="0" skipped="0" failures="0">
  <properties>
[...]
</properties>
  <testcase name="whenGetIsCalledWithNoPathParam_thenReturnNotFound" classname="uk.co.paulpop.services.controller.JavaSpringServiceControllerIT" time="0.364"/>
  <testcase name="whenGetIsCalledWithSingleCharPathParam_thenReturnHello" classname="uk.co.paulpop.services.controller.JavaSpringServiceControllerIT" time="0.027"/>
  <testcase name="whenGetIsCalledWithSingleSpacePathParam_thenReturnHello" classname="uk.co.paulpop.services.controller.JavaSpringServiceControllerIT" time="0.014"/>
  <testcase name="whenGetIsCalledWithMultiWordPathParam_thenReturnHello" classname="uk.co.paulpop.services.controller.JavaSpringServiceControllerIT" time="0.013"/>
</testsuite>